<?xml version="1.0" encoding="UTF-8"?>
<!-- Generated by org.testng.reporters.JUnitXMLReporter -->
<testsuite hostname="yasverma" name="Test" tests="2" failures="1" timestamp="18 Dec 2017 17:36:00 GMT" time="12.97" errors="0">
  <testcase name="TitleAssertion" time="7.495" classname="com.IBM.eStrategy.MyTest.TC02_Assert">
    <failure type="java.lang.AssertionError" message="expected [facebook] but found [Facebook – log in or sign up]">
      <![CDATA[java.lang.AssertionError: expected [facebook] but found [Facebook – log in or sign up]
	at com.IBM.eStrategy.MyTest.TC02_Assert.TitleAssertion(TC02_Assert.java:28)
	at org.apache.maven.surefire.testng.TestNGExecutor.run(TestNGExecutor.java:283)
	at org.apache.maven.surefire.testng.TestNGXmlTestSuite.execute(TestNGXmlTestSuite.java:75)
	at org.apache.maven.surefire.testng.TestNGProvider.invoke(TestNGProvider.java:120)
	at org.apache.maven.surefire.booter.ForkedBooter.invokeProviderInSameClassLoader(ForkedBooter.java:373)
	at org.apache.maven.surefire.booter.ForkedBooter.runSuitesInProcess(ForkedBooter.java:334)
	at org.apache.maven.surefire.booter.ForkedBooter.execute(ForkedBooter.java:119)
	at org.apache.maven.surefire.booter.ForkedBooter.main(ForkedBooter.java:407)
... Removed 26 stack frames]]>
    </failure>
  </testcase> <!-- TitleAssertion -->
  <testcase name="sampleTest" time="5.44" classname="com.IBM.eStrategy.MyTest.TC01"/>
</testsuite> <!-- Test -->
